<?xml version="1.0" encoding="UTF-8"?>
<!-- Generated by org.testng.reporters.JUnitReportReporter -->
<testsuite hostname="LAPTOP-5JSNQUS7" failures="0" tests="3" name="parallel.TestRunner" time="106.815" errors="0" timestamp="2024-08-15T20:45:00 IST" skipped="0">
  <testcase classname="parallel.TestRunner" name="runScenario" time="37.132"/>
  <testcase classname="parallel.TestRunner" name="runScenario" time="24.604"/>
  <testcase classname="parallel.TestRunner" name="runScenario" time="45.079"/>
</testsuite> <!-- parallel.TestRunner -->
